<?xml version="1.0" encoding="UTF-8"?>
<testng-results ignored="0" total="1" passed="1" failed="0" skipped="0">
  <reporter-output>
  </reporter-output>
  <suite started-at="2020-10-04T15:34:34 IST" name="Surefire suite" finished-at="2020-10-04T15:34:34 IST" duration-ms="274">
    <groups>
    </groups>
    <test started-at="2020-10-04T15:34:34 IST" name="Surefire test" finished-at="2020-10-04T15:34:34 IST" duration-ms="274">
      <class name="com.Automation.Cucumber.AppTest">
        <test-method signature="testApp()" started-at="2020-10-04T15:34:34 IST" name="testApp" finished-at="2020-10-04T15:34:34 IST" duration-ms="17" status="PASS">
          <reporter-output>
          </reporter-output>
        </test-method> <!-- testApp -->
      </class> <!-- com.Automation.Cucumber.AppTest -->
    </test> <!-- Surefire test -->
  </suite> <!-- Surefire suite -->
</testng-results>
